<?xml version="1.0" encoding="UTF-8"?>
<testsuite xmlns:xsi="http://www.w3.org/2001/XMLSchema-instance" xsi:noNamespaceSchemaLocation="https://maven.apache.org/surefire/maven-surefire-plugin/xsd/surefire-test-report-3.0.xsd" version="3.0" name="com.example.ex4.AccountTest" time="0.057" tests="4" errors="0" skipped="0" failures="0">
  <properties>
    <property name="java.specification.version" value="21"/>
    <property name="sun.jnu.encoding" value="UTF-8"/>
    <property name="java.class.path" value="/home/hacksparrow/Documents/github/Week2_cts/target/test-classes:/home/hacksparrow/Documents/github/Week2_cts/target/classes:/home/hacksparrow/.m2/repository/org/junit/jupiter/junit-jupiter-api/5.10.0/junit-jupiter-api-5.10.0.jar:/home/hacksparrow/.m2/repository/org/opentest4j/opentest4j/1.3.0/opentest4j-1.3.0.jar:/home/hacksparrow/.m2/repository/org/junit/platform/junit-platform-commons/1.10.0/junit-platform-commons-1.10.0.jar:/home/hacksparrow/.m2/repository/org/apiguardian/apiguardian-api/1.1.2/apiguardian-api-1.1.2.jar:/home/hacksparrow/.m2/repository/org/junit/jupiter/junit-jupiter-engine/5.10.0/junit-jupiter-engine-5.10.0.jar:/home/hacksparrow/.m2/repository/org/junit/platform/junit-platform-engine/1.10.0/junit-platform-engine-1.10.0.jar:/home/hacksparrow/.m2/repository/org/mockito/mockito-core/5.5.0/mockito-core-5.5.0.jar:/home/hacksparrow/.m2/repository/net/bytebuddy/byte-buddy/1.14.6/byte-buddy-1.14.6.jar:/home/hacksparrow/.m2/repository/net/bytebuddy/byte-buddy-agent/1.14.6/byte-buddy-agent-1.14.6.jar:/home/hacksparrow/.m2/repository/org/objenesis/objenesis/3.3/objenesis-3.3.jar:/home/hacksparrow/.m2/repository/org/mockito/mockito-junit-jupiter/5.5.0/mockito-junit-jupiter-5.5.0.jar:/home/hacksparrow/.m2/repository/org/slf4j/slf4j-api/2.0.7/slf4j-api-2.0.7.jar:/home/hacksparrow/.m2/repository/ch/qos/logback/logback-classic/1.4.14/logback-classic-1.4.14.jar:/home/hacksparrow/.m2/repository/ch/qos/logback/logback-core/1.4.14/logback-core-1.4.14.jar:"/>
    <property name="java.vm.vendor" value="Debian"/>
    <property name="sun.arch.data.model" value="64"/>
    <property name="java.vendor.url" value="https://tracker.debian.org/openjdk-21"/>
    <property name="os.name" value="Linux"/>
    <property name="java.vm.specification.version" value="21"/>
    <property name="sun.java.launcher" value="SUN_STANDARD"/>
    <property name="user.country" value="IN"/>
    <property name="sun.boot.library.path" value="/usr/lib/jvm/java-21-openjdk-amd64/lib"/>
    <property name="sun.java.command" value="/home/hacksparrow/Documents/github/Week2_cts/target/surefire/surefirebooter8508663058600768275.jar /home/hacksparrow/Documents/github/Week2_cts/target/surefire 2025-06-29T23-23-29_090-jvmRun1 surefire1125940913191621026tmp surefire_08585690231035454738tmp"/>
    <property name="jdk.debug" value="release"/>
    <property name="test" value="AccountTest"/>
    <property name="surefire.test.class.path" value="/home/hacksparrow/Documents/github/Week2_cts/target/test-classes:/home/hacksparrow/Documents/github/Week2_cts/target/classes:/home/hacksparrow/.m2/repository/org/junit/jupiter/junit-jupiter-api/5.10.0/junit-jupiter-api-5.10.0.jar:/home/hacksparrow/.m2/repository/org/opentest4j/opentest4j/1.3.0/opentest4j-1.3.0.jar:/home/hacksparrow/.m2/repository/org/junit/platform/junit-platform-commons/1.10.0/junit-platform-commons-1.10.0.jar:/home/hacksparrow/.m2/repository/org/apiguardian/apiguardian-api/1.1.2/apiguardian-api-1.1.2.jar:/home/hacksparrow/.m2/repository/org/junit/jupiter/junit-jupiter-engine/5.10.0/junit-jupiter-engine-5.10.0.jar:/home/hacksparrow/.m2/repository/org/junit/platform/junit-platform-engine/1.10.0/junit-platform-engine-1.10.0.jar:/home/hacksparrow/.m2/repository/org/mockito/mockito-core/5.5.0/mockito-core-5.5.0.jar:/home/hacksparrow/.m2/repository/net/bytebuddy/byte-buddy/1.14.6/byte-buddy-1.14.6.jar:/home/hacksparrow/.m2/repository/net/bytebuddy/byte-buddy-agent/1.14.6/byte-buddy-agent-1.14.6.jar:/home/hacksparrow/.m2/repository/org/objenesis/objenesis/3.3/objenesis-3.3.jar:/home/hacksparrow/.m2/repository/org/mockito/mockito-junit-jupiter/5.5.0/mockito-junit-jupiter-5.5.0.jar:/home/hacksparrow/.m2/repository/org/slf4j/slf4j-api/2.0.7/slf4j-api-2.0.7.jar:/home/hacksparrow/.m2/repository/ch/qos/logback/logback-classic/1.4.14/logback-classic-1.4.14.jar:/home/hacksparrow/.m2/repository/ch/qos/logback/logback-core/1.4.14/logback-core-1.4.14.jar:"/>
    <property name="sun.cpu.endian" value="little"/>
    <property name="user.home" value="/home/hacksparrow"/>
    <property name="user.language" value="en"/>
    <property name="java.specification.vendor" value="Oracle Corporation"/>
    <property name="java.version.date" value="2025-04-15"/>
    <property name="java.home" value="/usr/lib/jvm/java-21-openjdk-amd64"/>
    <property name="file.separator" value="/"/>
    <property name="basedir" value="/home/hacksparrow/Documents/github/Week2_cts"/>
    <property name="java.vm.compressedOopsMode" value="32-bit"/>
    <property name="line.separator" value="&#10;"/>
    <property name="java.specification.name" value="Java Platform API Specification"/>
    <property name="java.vm.specification.vendor" value="Oracle Corporation"/>
    <property name="surefire.real.class.path" value="/home/hacksparrow/Documents/github/Week2_cts/target/surefire/surefirebooter8508663058600768275.jar"/>
    <property name="sun.management.compiler" value="HotSpot 64-Bit Tiered Compilers"/>
    <property name="java.runtime.version" value="21.0.7+6-Debian-1"/>
    <property name="user.name" value="hacksparrow"/>
    <property name="stdout.encoding" value="UTF-8"/>
    <property name="path.separator" value=":"/>
    <property name="os.version" value="6.12.25-amd64"/>
    <property name="java.runtime.name" value="OpenJDK Runtime Environment"/>
    <property name="file.encoding" value="UTF-8"/>
    <property name="java.vm.name" value="OpenJDK 64-Bit Server VM"/>
    <property name="localRepository" value="/home/hacksparrow/.m2/repository"/>
    <property name="java.vendor.url.bug" value="https://bugs.debian.org/openjdk-21"/>
    <property name="java.io.tmpdir" value="/tmp"/>
    <property name="java.version" value="21.0.7"/>
    <property name="user.dir" value="/home/hacksparrow/Documents/github/Week2_cts"/>
    <property name="os.arch" value="amd64"/>
    <property name="java.vm.specification.name" value="Java Virtual Machine Specification"/>
    <property name="native.encoding" value="UTF-8"/>
    <property name="java.library.path" value="/usr/java/packages/lib:/usr/lib/x86_64-linux-gnu/jni:/lib/x86_64-linux-gnu:/usr/lib/x86_64-linux-gnu:/usr/lib/jni:/lib:/usr/lib"/>
    <property name="java.vm.info" value="mixed mode, sharing"/>
    <property name="stderr.encoding" value="UTF-8"/>
    <property name="java.vendor" value="Debian"/>
    <property name="java.vm.version" value="21.0.7+6-Debian-1"/>
    <property name="sun.io.unicode.encoding" value="UnicodeLittle"/>
    <property name="java.class.version" value="65.0"/>
  </properties>
  <testcase name="testDepositInvalidAmount" classname="com.example.ex4.AccountTest" time="0.03">
    <system-out><![CDATA[>>> @BeforeAll: Executed once before all tests in AccountTest class.
    >>> @BeforeEach: Account initialized for test: ACC123 with balance 100.00
        Test: testDepositInvalidAmount completed.
    >>> @AfterEach: Account object nulled.
]]></system-out>
  </testcase>
  <testcase name="testWithdrawInsufficientFunds" classname="com.example.ex4.AccountTest" time="0.001">
    <system-out><![CDATA[    >>> @BeforeEach: Account initialized for test: ACC123 with balance 100.00
        Test: testWithdrawInsufficientFunds completed.
    >>> @AfterEach: Account object nulled.
]]></system-out>
  </testcase>
  <testcase name="testDepositPositiveAmount" classname="com.example.ex4.AccountTest" time="0.001">
    <system-out><![CDATA[    >>> @BeforeEach: Account initialized for test: ACC123 with balance 100.00
        Test: testDepositPositiveAmount completed.
    >>> @AfterEach: Account object nulled.
]]></system-out>
  </testcase>
  <testcase name="testWithdrawPositiveAmount" classname="com.example.ex4.AccountTest" time="0.001">
    <system-out><![CDATA[    >>> @BeforeEach: Account initialized for test: ACC123 with balance 100.00
        Test: testWithdrawPositiveAmount completed.
    >>> @AfterEach: Account object nulled.
]]></system-out>
  </testcase>
</testsuite>